# JRE version: OpenJDK Runtime Environment (17.0.6) (build 17.0.6+0-b2043.56-9586694)
# Java VM: OpenJDK 64-Bit Server VM (17.0.6+0-b2043.56-9586694, mixed mode, tiered, compressed oops, compressed class ptrs, g1 gc, windows-amd64)
GC Precious Log:
 CPUs: 4 total, 4 available
 Memory: 8061M
 Large Page Support: Disabled
 NUMA Support: Disabled
 Compressed Oops: Enabled (32-bit)
 Heap Region Size: 1M
 Heap Min Capacity: 8M
 Heap Initial Capacity: 126M
 Heap Max Capacity: 2G
 Pre-touch: Disabled
 Parallel Workers: 4
 Concurrent Workers: 1
 Concurrent Refinement Workers: 4
 Periodic GC: Disabled
Heap:
 garbage-first heap   total 496640K, used 246011K [0x0000000080000000, 0x0000000100000000)
  region size 1024K, 10 young (10240K), 10 survivors (10240K)
 Metaspace       used 172014K, committed 173888K, reserved 1204224K
  class space    used 22271K, committed 23168K, reserved 1048576K
GC Heap History (20 events):
Event: 3564.599 GC heap after
{Heap after GC invocations=65 (full 0):
 garbage-first heap   total 496640K, used 247367K [0x0000000080000000, 0x0000000100000000)
  region size 1024K, 3 young (3072K), 3 survivors (3072K)
 Metaspace       used 143738K, committed 144896K, reserved 1179648K
  class space    used 18574K, committed 19136K, reserved 1048576K
}
Event: 3595.435 GC heap before
{Heap before GC invocations=65 (full 0):
 garbage-first heap   total 496640K, used 406087K [0x0000000080000000, 0x0000000100000000)
  region size 1024K, 159 young (162816K), 3 survivors (3072K)
 Metaspace       used 145500K, committed 146752K, reserved 1179648K
  class space    used 18760K, committed 19392K, reserved 1048576K
}
Event: 3595.494 GC heap after
{Heap after GC invocations=66 (full 0):
 garbage-first heap   total 496640K, used 258006K [0x0000000080000000, 0x0000000100000000)
  region size 1024K, 14 young (14336K), 14 survivors (14336K)
 Metaspace       used 145500K, committed 146752K, reserved 1179648K
  class space    used 18760K, committed 19392K, reserved 1048576K
}
Event: 3600.702 GC heap before
{Heap before GC invocations=67 (full 0):
 garbage-first heap   total 496640K, used 410582K [0x0000000080000000, 0x0000000100000000)
  region size 1024K, 160 young (163840K), 14 survivors (14336K)
 Metaspace       used 161014K, committed 162240K, reserved 1196032K
  class space    used 20840K, committed 21440K, reserved 1048576K
}
Event: 3600.759 GC heap after
{Heap after GC invocations=68 (full 0):
 garbage-first heap   total 496640K, used 273073K [0x0000000080000000, 0x0000000100000000)
  region size 1024K, 14 young (14336K), 14 survivors (14336K)
 Metaspace       used 161014K, committed 162240K, reserved 1196032K
  class space    used 20840K, committed 21440K, reserved 1048576K
}
Event: 3600.943 GC heap before
{Heap before GC invocations=68 (full 0):
 garbage-first heap   total 496640K, used 282289K [0x0000000080000000, 0x0000000100000000)
  region size 1024K, 24 young (24576K), 14 survivors (14336K)
 Metaspace       used 162116K, committed 163392K, reserved 1196032K
  class space    used 20973K, committed 21632K, reserved 1048576K
}
Event: 3600.980 GC heap after
{Heap after GC invocations=69 (full 0):
 garbage-first heap   total 496640K, used 267264K [0x0000000080000000, 0x0000000100000000)
  region size 1024K, 3 young (3072K), 3 survivors (3072K)
 Metaspace       used 162116K, committed 163392K, reserved 1196032K
  class space    used 20973K, committed 21632K, reserved 1048576K
}
Event: 3605.480 GC heap before
{Heap before GC invocations=69 (full 0):
 garbage-first heap   total 496640K, used 397312K [0x0000000080000000, 0x0000000100000000)
  region size 1024K, 132 young (135168K), 3 survivors (3072K)
 Metaspace       used 169854K, committed 171200K, reserved 1204224K
  class space    used 22069K, committed 22720K, reserved 1048576K
}
Event: 3605.515 GC heap after
{Heap after GC invocations=70 (full 0):
 garbage-first heap   total 496640K, used 273242K [0x0000000080000000, 0x0000000100000000)
  region size 1024K, 9 young (9216K), 9 survivors (9216K)
 Metaspace       used 169854K, committed 171200K, reserved 1204224K
  class space    used 22069K, committed 22720K, reserved 1048576K
}
Event: 5730.360 GC heap before
{Heap before GC invocations=71 (full 0):
 garbage-first heap   total 496640K, used 429914K [0x0000000080000000, 0x0000000100000000)
  region size 1024K, 143 young (146432K), 9 survivors (9216K)
 Metaspace       used 172728K, committed 174080K, reserved 1204224K
  class space    used 22555K, committed 23232K, reserved 1048576K
}
Event: 5730.465 GC heap after
{Heap after GC invocations=72 (full 0):
 garbage-first heap   total 496640K, used 272315K [0x0000000080000000, 0x0000000100000000)
  region size 1024K, 8 young (8192K), 8 survivors (8192K)
 Metaspace       used 172728K, committed 174080K, reserved 1204224K
  class space    used 22555K, committed 23232K, reserved 1048576K
}
Event: 5731.098 GC heap before
{Heap before GC invocations=72 (full 0):
 garbage-first heap   total 496640K, used 288699K [0x0000000080000000, 0x0000000100000000)
  region size 1024K, 24 young (24576K), 8 survivors (8192K)
 Metaspace       used 172823K, committed 174208K, reserved 1204224K
  class space    used 22566K, committed 23232K, reserved 1048576K
}
Event: 5731.192 GC heap after
{Heap after GC invocations=73 (full 0):
 garbage-first heap   total 496640K, used 264628K [0x0000000080000000, 0x0000000100000000)
  region size 1024K, 3 young (3072K), 3 survivors (3072K)
 Metaspace       used 172823K, committed 174208K, reserved 1204224K
  class space    used 22566K, committed 23232K, reserved 1048576K
}
Event: 5731.245 GC heap before
{Heap before GC invocations=73 (full 0):
 garbage-first heap   total 496640K, used 267700K [0x0000000080000000, 0x0000000100000000)
  region size 1024K, 8 young (8192K), 3 survivors (3072K)
 Metaspace       used 172825K, committed 174208K, reserved 1204224K
  class space    used 22566K, committed 23232K, reserved 1048576K
}
Event: 5731.259 GC heap after
{Heap after GC invocations=74 (full 0):
 garbage-first heap   total 496640K, used 264628K [0x0000000080000000, 0x0000000100000000)
  region size 1024K, 3 young (3072K), 3 survivors (3072K)
 Metaspace       used 172825K, committed 174208K, reserved 1204224K
  class space    used 22566K, committed 23232K, reserved 1048576K
}
Event: 5734.933 GC heap before
{Heap before GC invocations=75 (full 0):
 garbage-first heap   total 496640K, used 438708K [0x0000000080000000, 0x0000000100000000)
  region size 1024K, 147 young (150528K), 3 survivors (3072K)
 Metaspace       used 171425K, committed 173824K, reserved 1204224K
  class space    used 22227K, committed 23168K, reserved 1048576K
}
Event: 5734.998 GC heap after
{Heap after GC invocations=76 (full 0):
 garbage-first heap   total 496640K, used 275645K [0x0000000080000000, 0x0000000100000000)
  region size 1024K, 14 young (14336K), 14 survivors (14336K)
 Metaspace       used 171425K, committed 173824K, reserved 1204224K
  class space    used 22227K, committed 23168K, reserved 1048576K
}
Event: 5735.197 GC heap before
{Heap before GC invocations=76 (full 0):
 garbage-first heap   total 496640K, used 284861K [0x0000000080000000, 0x0000000100000000)
  region size 1024K, 24 young (24576K), 14 survivors (14336K)
 Metaspace       used 171435K, committed 173824K, reserved 1204224K
  class space    used 22227K, committed 23168K, reserved 1048576K
}
Event: 5735.268 GC heap after
{Heap after GC invocations=77 (full 0):
 garbage-first heap   total 496640K, used 239254K [0x0000000080000000, 0x0000000100000000)
  region size 1024K, 3 young (3072K), 3 survivors (3072K)
 Metaspace       used 171435K, committed 173824K, reserved 1204224K
  class space    used 22227K, committed 23168K, reserved 1048576K
}
Event: 5748.510 GC heap before
{Heap before GC invocations=77 (full 0):
 garbage-first heap   total 496640K, used 333462K [0x0000000080000000, 0x0000000100000000)
  region size 1024K, 97 young (99328K), 3 survivors (3072K)
 Metaspace       used 172014K, committed 173888K, reserved 1204224K
  class space    used 22271K, committed 23168K, reserved 1048576K
}

